#
# There is insufficient memory for the Java Runtime Environment to continue.
# Native memory allocation (mmap) failed to map 532676608 bytes. Error detail: G1 virtual space
# Possible reasons:
#   The system is out of physical RAM or swap space
#   This process is running with CompressedOops enabled, and the Java Heap may be blocking the growth of the native heap
# Possible solutions:
#   Reduce memory load on the system
#   Increase physical memory or swap space
#   Check if swap backing store is full
#   Decrease Java heap size (-Xmx/-Xms)
#   Decrease number of Java threads
#   Decrease Java thread stack sizes (-Xss)
#   Set larger code cache with -XX:ReservedCodeCacheSize=
#   JVM is running with Zero Based Compressed Oops mode in which the Java heap is
#     placed in the first 32GB address space. The Java Heap base address is the
#     maximum limit for the native heap growth. Please use -XX:HeapBaseMinAddress
#     to set the Java Heap base and to place the Java Heap above 32GB virtual address.
# This output file may be truncated or incomplete.
#
#  Out of Memory Error (os_windows.cpp:3828), pid=31452, tid=26988
#
# JRE version:  (21.0.5+8) (build )
# Java VM: OpenJDK 64-Bit Server VM (21.0.5+8-b631.16, mixed mode, sharing, tiered, compressed oops, compressed class ptrs, g1 gc, windows-amd64)
# No core dump will be written. Minidumps are not enabled by default on client versions of Windows
#

---------------  S U M M A R Y ------------

Command Line: externalApp.nativessh.NativeSshAskPassApp Enter passphrase for key '/c/Users/Sergei/.ssh/id_rsa': 

Host: 11th Gen Intel(R) Core(TM) i7-1165G7 @ 2.80GHz, 8 cores, 31G,  Windows 10 , 64 bit Build 19041 (10.0.19041.4717)
Time: Wed Feb 26 08:31:22 2025 RTZ 2 (s 10 , 64 bit Build 19041 (10.0.19041.4717) elapsed time: 0.011864 seconds (0d 0h 0m 0s)

---------------  T H R E A D  ---------------

Current thread (0x000002c6469fdf00):  JavaThread "Unknown thread" [_thread_in_vm, id=26988, stack(0x000000f4bf600000,0x000000f4bf700000) (1024K)]

Stack: [0x000000f4bf600000,0x000000f4bf700000]
Native frames: (J=compiled Java code, j=interpreted, Vv=VM code, C=native code)
V  [jvm.dll+0x6e52b9]
V  [jvm.dll+0x8c3633]
V  [jvm.dll+0x8c5b8e]
V  [jvm.dll+0x8c6273]
V  [jvm.dll+0x288f46]
V  [jvm.dll+0x6e1a35]
V  [jvm.dll+0x6d5e3a]
V  [jvm.dll+0x3634bb]
V  [jvm.dll+0x36b086]
V  [jvm.dll+0x3bd346]
V  [jvm.dll+0x3bd618]
V  [jvm.dll+0x335c2c]
V  [jvm.dll+0x33691b]
V  [jvm.dll+0x88aa89]
V  [jvm.dll+0x3ca518]
V  [jvm.dll+0x873b98]
V  [jvm.dll+0x45eede]
V  [jvm.dll+0x460bc1]
C  [jli.dll+0x52ab]
C  [ucrtbase.dll+0x21bb2]
C  [KERNEL32.DLL+0x17374]
C  [ntdll.dll+0x4cc91]


---------------  P R O C E S S  ---------------

Threads class SMR info:
_java_thread_list=0x00007ffe807da148, length=0, elements={
}

Java Threads: ( => current thread )
Total: 0

Other Threads:
  0x000002c648c68b20 WorkerThread "GC Thread#0"                     [id=47752, stack(0x000000f4bf700000,0x000000f4bf800000) (1024K)]
  0x000002c665d1c130 ConcurrentGCThread "G1 Main Marker"            [id=32112, stack(0x000000f4bf800000,0x000000f4bf900000) (1024K)]
  0x000002c648c6df30 WorkerThread "G1 Conc#0"                       [id=21576, stack(0x000000f4bf900000,0x000000f4bfa00000) (1024K)]

[error occurred during error reporting (printing all threads), id 0xc0000005, EXCEPTION_ACCESS_VIOLATION (0xc0000005) at pc=0x00007ffe7fec8ce7]
VM state: not at safepoint (not fully initialized)

VM Mutex/Monitor currently owned by a thread:  ([mutex/lock_event])
[0x00007ffe8084eb30] Heap_lock - owner thread: 0x000002c6469fdf00

Heap address: 0x0000000604800000, size: 8120 MB, Compressed Oops mode: Zero based, Oop shift amount: 3

CDS archive(s) mapped at: [0x0000000000000000-0x0000000000000000-0x0000000000000000), size 0, SharedBaseAddress: 0x0000000800000000, ArchiveRelocationMode: 1.
Narrow klass base: 0x0000000000000000, Narrow klass shift: 0, Narrow klass range: 0x0

GC Precious Log:
 CardTable entry size: 512
 Card Set container configuration: InlinePtr #cards 4 size 8 Array Of Cards #cards 32 size 80 Howl #buckets 8 coarsen threshold 7372 Howl Bitmap #cards 1024 size 144 coarsen threshold 921 Card regions per heap region 1 cards per card region 8192

Heap:
 garbage-first heap   total 0K, used 0K [0x0000000604800000, 0x0000000800000000)
  region size 4096K, 0 young (0K), 0 survivors (0K)
 Metaspace       used 0K, committed 0K, reserved 0K
  class space    used 0K, committed 0K, reserved 0K

Heap Regions: E=young(eden), S=young(survivor), O=old, HS=humongous(starts), HC=humongous(continues), CS=collection set, F=free, TAMS=top-at-mark-start, PB=parsable bottom

Card table byte_map: [0x000002c65ce50000,0x000002c65de30000] _byte_map_base: 0x000002c659e2c000

Marking Bits: (CMBitMap*) 0x000002c648c69940
 Bits: [0x000002c65de30000, 0x000002c665d10000)

GC Heap History (0 events):
No events

Dll operation events (1 events):
Event: 0.007 Loaded shared library C:\Program Files\JetBrains\IntelliJ IDEA 2024.3\jbr\bin\java.dll

Deoptimization events (0 events):
No events

Classes loaded (0 events):
No events

Classes unloaded (0 events):
No events

Classes redefined (0 events):
No events

Internal exceptions (0 events):
No events

ZGC Phase Switch (0 events):
No events

VM Operations (0 events):
No events

Memory protections (0 events):
No events

Nmethod flushes (0 events):
No events

Events (0 events):
No events


Dynamic libraries:
0x00007ff7cf4c0000 - 0x00007ff7cf4ca000 	C:\Program Files\JetBrains\IntelliJ IDEA 2024.3\jbr\bin\java.exe
0x00007ffebfd30000 - 0x00007ffebff28000 	C:\Windows\SYSTEM32\ntdll.dll
0x00007ffebef50000 - 0x00007ffebf011000 	C:\Windows\System32\KERNEL32.DLL
0x00007ffebd570000 - 0x00007ffebd86d000 	C:\Windows\System32\KERNELBASE.dll
0x00007ffebdc60000 - 0x00007ffebdd60000 	C:\Windows\System32\ucrtbase.dll
0x00007ffeb7fd0000 - 0x00007ffeb7feb000 	C:\Program Files\JetBrains\IntelliJ IDEA 2024.3\jbr\bin\VCRUNTIME140.dll
0x00007ffeb6d10000 - 0x00007ffeb6d28000 	C:\Program Files\JetBrains\IntelliJ IDEA 2024.3\jbr\bin\jli.dll
0x00007ffebdec0000 - 0x00007ffebe05d000 	C:\Windows\System32\USER32.dll
0x00007ffebdb80000 - 0x00007ffebdba2000 	C:\Windows\System32\win32u.dll
0x00007ffea7a80000 - 0x00007ffea7d1a000 	C:\Windows\WinSxS\amd64_microsoft.windows.common-controls_6595b64144ccf1df_6.0.19041.4355_none_60b8b9eb71f62e16\COMCTL32.dll
0x00007ffebf0d0000 - 0x00007ffebf0fb000 	C:\Windows\System32\GDI32.dll
0x00007ffebfc50000 - 0x00007ffebfcee000 	C:\Windows\System32\msvcrt.dll
0x00007ffebd9d0000 - 0x00007ffebdae7000 	C:\Windows\System32\gdi32full.dll
0x00007ffebd4d0000 - 0x00007ffebd56d000 	C:\Windows\System32\msvcp_win.dll
0x00007ffebf130000 - 0x00007ffebf15f000 	C:\Windows\System32\IMM32.DLL
0x00000000526b0000 - 0x00000000526bc000 	C:\Program Files (x86)\360\Total Security\safemon\SafeWrapper.dll
0x00007ffebf020000 - 0x00007ffebf0d0000 	C:\Windows\System32\ADVAPI32.dll
0x00007ffebe5b0000 - 0x00007ffebe650000 	C:\Windows\System32\sechost.dll
0x00007ffebe1f0000 - 0x00007ffebe313000 	C:\Windows\System32\RPCRT4.dll
0x00007ffebd430000 - 0x00007ffebd457000 	C:\Windows\System32\bcrypt.dll
0x00007ffe90ac0000 - 0x00007ffe90b6c000 	C:\Program Files (x86)\360\Total Security\safemon\libzdtp64.dll
0x00007ffebe650000 - 0x00007ffebedbf000 	C:\Windows\System32\SHELL32.dll
0x00007ffebf250000 - 0x00007ffebf2a5000 	C:\Windows\System32\SHLWAPI.dll
0x00007ffebce60000 - 0x00007ffebce6a000 	C:\Windows\SYSTEM32\VERSION.dll
0x00007ffeb7fb0000 - 0x00007ffeb7fbc000 	C:\Program Files\JetBrains\IntelliJ IDEA 2024.3\jbr\bin\vcruntime140_1.dll
0x00007ffe80d10000 - 0x00007ffe80d9d000 	C:\Program Files\JetBrains\IntelliJ IDEA 2024.3\jbr\bin\msvcp140.dll
0x00007ffe7fb80000 - 0x00007ffe80941000 	C:\Program Files\JetBrains\IntelliJ IDEA 2024.3\jbr\bin\server\jvm.dll
0x00007ffebe320000 - 0x00007ffebe38b000 	C:\Windows\System32\WS2_32.dll
0x00007ffeb0d00000 - 0x00007ffeb0d27000 	C:\Windows\SYSTEM32\WINMM.dll
0x00007ffebd230000 - 0x00007ffebd27b000 	C:\Windows\SYSTEM32\POWRPROF.dll
0x00007ffebd210000 - 0x00007ffebd222000 	C:\Windows\SYSTEM32\UMPDC.dll
0x00007ffebb1d0000 - 0x00007ffebb1e2000 	C:\Windows\SYSTEM32\kernel.appcore.dll
0x00007ffeb7fa0000 - 0x00007ffeb7faa000 	C:\Program Files\JetBrains\IntelliJ IDEA 2024.3\jbr\bin\jimage.dll
0x00007ffeb7840000 - 0x00007ffeb7a24000 	C:\Windows\SYSTEM32\DBGHELP.DLL
0x00007ffea54a0000 - 0x00007ffea54d4000 	C:\Windows\SYSTEM32\dbgcore.DLL
0x00007ffebdaf0000 - 0x00007ffebdb72000 	C:\Windows\System32\bcryptPrimitives.dll
0x00007ffeb6cf0000 - 0x00007ffeb6d10000 	C:\Program Files\JetBrains\IntelliJ IDEA 2024.3\jbr\bin\java.dll

dbghelp: loaded successfully - version: 4.0.5 - missing functions: none
symbol engine: initialized successfully - sym options: 0x614 - pdb path: .;C:\Program Files\JetBrains\IntelliJ IDEA 2024.3\jbr\bin;C:\Windows\SYSTEM32;C:\Windows\WinSxS\amd64_microsoft.windows.common-controls_6595b64144ccf1df_6.0.19041.4355_none_60b8b9eb71f62e16;C:\Program Files (x86)\360\Total Security\safemon;C:\Program Files\JetBrains\IntelliJ IDEA 2024.3\jbr\bin\server

VM Arguments:
java_command: externalApp.nativessh.NativeSshAskPassApp Enter passphrase for key '/c/Users/Sergei/.ssh/id_rsa': 
java_class_path (initial): C:/Program Files/JetBrains/IntelliJ IDEA 2024.3/lib/externalProcess-rt.jar
Launcher Type: SUN_STANDARD

[Global flags]
     intx CICompilerCount                          = 4                                         {product} {ergonomic}
     uint ConcGCThreads                            = 2                                         {product} {ergonomic}
     uint G1ConcRefinementThreads                  = 8                                         {product} {ergonomic}
   size_t G1HeapRegionSize                         = 4194304                                   {product} {ergonomic}
    uintx GCDrainStackTargetSize                   = 64                                        {product} {ergonomic}
   size_t InitialHeapSize                          = 532676608                                 {product} {ergonomic}
   size_t MarkStackSize                            = 4194304                                   {product} {ergonomic}
   size_t MaxHeapSize                              = 8514437120                                {product} {ergonomic}
   size_t MinHeapDeltaBytes                        = 4194304                                   {product} {ergonomic}
   size_t MinHeapSize                              = 8388608                                   {product} {ergonomic}
    uintx NonNMethodCodeHeapSize                   = 5839372                                {pd product} {ergonomic}
    uintx NonProfiledCodeHeapSize                  = 122909434                              {pd product} {ergonomic}
    uintx ProfiledCodeHeapSize                     = 122909434                              {pd product} {ergonomic}
    uintx ReservedCodeCacheSize                    = 251658240                              {pd product} {ergonomic}
     bool SegmentedCodeCache                       = true                                      {product} {ergonomic}
   size_t SoftMaxHeapSize                          = 8514437120                             {manageable} {ergonomic}
     bool UseCompressedOops                        = true                           {product lp64_product} {ergonomic}
     bool UseG1GC                                  = true                                      {product} {ergonomic}
     bool UseLargePagesIndividualAllocation        = false                                  {pd product} {ergonomic}

Logging:
Log output configuration:
 #0: stdout all=warning uptime,level,tags foldmultilines=false
 #1: stderr all=off uptime,level,tags foldmultilines=false

Environment Variables:
JAVA_HOME=C:\Program Files\java\openjdk-22.0.1
PATH=C:\Program Files\Git\mingw64\libexec\git-core;C:\Program Files\Git\mingw64\bin;C:\Program Files\Git\usr\bin;C:\Users\Sergei\bin;C:\Python27;C:\Python27\Scripts;C:\Users\Sergei\AppData\Local\Programs\Python\Python313;C:\Users\Sergei\AppData\Local\Programs\Python\Python313\Scripts;C:\app\oracle_12.1\bin;C:\APP\oracle_10.2\bin;C:\Windows\system32;C:\Windows;C:\Windows\System32\Wbem;C:\Windows\System32\WindowsPowerShell\v1.0;C:\Windows\System32\OpenSSH;C:\Program Files\PuTTY;C:\Program Files\java\openjdk-22.0.1\bin;C:\Program Files\PostgreSQL\14\bin;C:\devtools\apache-maven-3.8.8\bin;C:\Program Files\Git\cmd;C:\Program Files\PostgreSQL\17\bin;C:\Users\Sergei\AppData\Local\Microsoft\WindowsApps;C:\Program Files\JetBrains\PyCharm Community Edition 2024.1.1\bin;C:\Program Files\JetBrains\IntelliJ IDEA Community Edition 2024.1.4\bin;C:\Program Files\JetBrains\IntelliJ IDEA 2024.3\bin
USERNAME=Sergei
DISPLAY=:0.0
LC_ALL=en_US.UTF-8
TERM=xterm-256color
TMPDIR=C:\Users\Sergei\AppData\Local\Temp
OS=Windows_NT
PROCESSOR_IDENTIFIER=Intel64 Family 6 Model 140 Stepping 1, GenuineIntel
TMP=C:\Users\Sergei\AppData\Local\Temp
TEMP=C:\Users\Sergei\AppData\Local\Temp




Periodic native trim disabled

JNI global refs:
JNI global refs: 0, weak refs: 0

JNI global refs memory usage: 0, weak refs: 0

Process memory usage:
Resident Set Size: 12736K (0% of 33249396K total physical memory with 9636688K free physical memory)

OOME stack traces (most recent first):
Classloader memory used:

---------------  S Y S T E M  ---------------

OS:
 Windows 10 , 64 bit Build 19041 (10.0.19041.4717)
OS uptime: 13 days 12:40 hours

CPU: total 8 (initial active 8) (4 cores per cpu, 2 threads per core) family 6 model 140 stepping 1 microcode 0x86, cx8, cmov, fxsr, ht, mmx, 3dnowpref, sse, sse2, sse3, ssse3, sse4.1, sse4.2, popcnt, lzcnt, tsc, tscinvbit, avx, avx2, aes, erms, clmul, bmi1, bmi2, adx, avx512f, avx512dq, avx512cd, avx512bw, avx512vl, sha, fma, vzeroupper, avx512_vpopcntdq, avx512_vpclmulqdq, avx512_vaes, avx512_vnni, clflush, clflushopt, clwb, avx512_vbmi2, avx512_vbmi, rdtscp, rdpid, fsrm, gfni, avx512_bitalg, f16c, pku, cet_ibt, cet_ss, avx512_ifma
Processor Information for all 8 processors :
  Max Mhz: 2803, Current Mhz: 2803, Mhz Limit: 2803

Memory: 4k page, system-wide physical 32470M (9410M free)
TotalPageFile size 37470M (AvailPageFile size 158M)
current process WorkingSet (physical memory assigned to process): 12M, peak: 12M
current process commit charge ("private bytes"): 61M, peak: 568M

vm_info: OpenJDK 64-Bit Server VM (21.0.5+8-b631.16) for windows-amd64 JRE (21.0.5+8-b631.16), built on 2024-11-02 by "builduser" with MS VC++ 16.10 / 16.11 (VS2019)

END.
